<?xml version="1.0" encoding="utf-8" standalone="no"?>
<!--This file represents the results of running a test suite-->
<test-results name="D:\workspace\Visual_Studio\asp\Multiplayer_ASP\Application\Application.Tests\bin\Debug\Application.Tests.dll" total="6" errors="0" failures="0" not-run="0" inconclusive="0" ignored="0" skipped="0" invalid="0" date="2014-08-18" time="21:28:11">
  <environment nunit-version="2.6.3.13283" clr-version="2.0.50727.8009" os-version="Microsoft Windows NT 6.2.9200.0" platform="Win32NT" cwd="C:\Program Files (x86)\NUnit 2.6.3\bin" machine-name="MARC-MSI" user="Marc" user-domain="MARC-MSI" />
  <culture-info current-culture="en-GB" current-uiculture="en-GB" />
  <test-suite type="Assembly" name="D:\workspace\Visual_Studio\asp\Multiplayer_ASP\Application\Application.Tests\bin\Debug\Application.Tests.dll" executed="True" result="Success" success="True" time="0.613" asserts="0">
    <results>
      <test-suite type="Namespace" name="Application" executed="True" result="Success" success="True" time="0.599" asserts="0">
        <results>
          <test-suite type="Namespace" name="Tests" executed="True" result="Success" success="True" time="0.598" asserts="0">
            <results>
              <test-suite type="Namespace" name="Hub" executed="True" result="Success" success="True" time="0.575" asserts="0">
                <results>
                  <test-suite type="TestFixture" name="LobbyHubTest" executed="True" result="Success" success="True" time="0.573" asserts="2">
                    <results>
                      <test-case name="Application.Tests.Hub.LobbyHubTest.AddingOnePlayerToWaitingQueue" executed="True" result="Success" success="True" time="0.313" asserts="4" />
                      <test-case name="Application.Tests.Hub.LobbyHubTest.AddingThreePlayersToWaitingQueue" executed="True" result="Success" success="True" time="0.168" asserts="4" />
                      <test-case name="Application.Tests.Hub.LobbyHubTest.AddingTwoPlayersToWaitingQueue" executed="True" result="Success" success="True" time="0.002" asserts="3" />
                    </results>
                  </test-suite>
                </results>
              </test-suite>
              <test-suite type="Namespace" name="Utils" executed="True" result="Success" success="True" time="0.019" asserts="0">
                <results>
                  <test-suite type="TestFixture" name="GameMapperTest" executed="True" result="Success" success="True" time="0.019" asserts="4">
                    <results>
                      <test-case name="Application.Tests.Utils.GameMapperTest.AddingTwoPlayers" executed="True" result="Success" success="True" time="0.001" asserts="10" />
                      <test-case name="Application.Tests.Utils.GameMapperTest.RemoveAPlayer" executed="True" result="Success" success="True" time="0.001" asserts="14" />
                      <test-case name="Application.Tests.Utils.GameMapperTest.RemoveAPlayerFromEmpty" executed="True" result="Success" success="True" time="0.010" asserts="2" />
                    </results>
                  </test-suite>
                </results>
              </test-suite>
            </results>
          </test-suite>
        </results>
      </test-suite>
    </results>
  </test-suite>
</test-results>